2015-12-23 14:04:23 --- start file logger
2015-12-23 14:04:23 --- start console debug
2015-12-23 14:04:33 --- get data from redis:,0,,4,1,200
2015-12-23 14:04:33 --- data_ok,thread working now
2015-12-23 14:04:33 --- get data from redis:,0,,4,1,200
2015-12-23 14:04:33 --- data_ok,thread working now
2015-12-23 14:04:33 --- get data from redis:,0,,4,1,200
2015-12-23 14:04:33 --- data_ok,thread working now
2015-12-23 14:04:33 --- get data from redis:,0,,4,1,200
2015-12-23 14:04:33 --- data_ok,thread working now
2015-12-23 14:04:33 --- get data from redis:,0,,4,1,200
2015-12-23 14:04:33 --- data_ok,thread working now
2015-12-23 14:04:33 --- get data from redis:,0,,4,1,200
2015-12-23 14:04:33 --- data_ok,thread working now
2015-12-23 14:04:33 --- get data from redis:,0,,4,1,200
2015-12-23 14:04:33 --- data_ok,thread working now
2015-12-23 14:04:33 --- get data from redis:,0,,4,1,200
2015-12-23 14:04:33 --- data_ok,thread working now
2015-12-23 14:04:33 --- get data from redis:,0,,4,1,200
2015-12-23 14:04:33 --- data_ok,thread working now
2015-12-23 14:04:33 --- get data from redis:,0,,4,1,200
2015-12-23 14:04:33 --- data_ok,thread working now
2015-12-23 14:04:33 --- get data from redis:,0,,4,1,200
2015-12-23 14:04:33 --- data_ok,thread working now
2015-12-23 14:04:33 --- get data from redis:,0,,4,1,200
2015-12-23 14:04:33 --- data_ok,thread working now
2015-12-23 14:04:33 --- get data from redis:,0,,4,1,200
2015-12-23 14:04:33 --- data_ok,thread working now
2015-12-23 14:04:33 --- get data from redis:,0,,4,1,200
2015-12-23 14:04:33 --- data_ok,thread working now
2015-12-23 14:04:33 --- get data from redis:,0,,4,1,200
2015-12-23 14:04:33 --- data_ok,thread working now
2015-12-23 14:04:33 --- get data from redis:,0,,4,1,200
2015-12-23 14:04:33 --- data_ok,thread working now
2015-12-23 14:04:33 --- get data from redis:,0,,4,1,200
2015-12-23 14:04:33 --- data_ok,thread working now
2015-12-23 14:04:33 --- get data from redis:,0,,4,1,200
2015-12-23 14:04:33 --- data_ok,thread working now
2015-12-23 14:04:33 --- get data from redis:,0,,4,1,200
2015-12-23 14:04:33 --- data_ok,thread working now
2015-12-23 14:04:33 --- get data from redis:,0,,4,1,200
2015-12-23 14:04:33 --- data_ok,thread working now
2015-12-23 14:04:33 --- get data from redis:,0,,4,1,200
2015-12-23 14:04:33 --- data_ok,thread working now
2015-12-23 14:04:33 --- get data from redis:,0,,4,1,200
2015-12-23 14:04:33 --- data_ok,thread working now
2015-12-23 14:04:33 --- get data from redis:,0,,4,1,200
2015-12-23 14:04:33 --- data_ok,thread working now
2015-12-23 14:04:33 --- get data from redis:,0,,4,1,200
2015-12-23 14:04:33 --- data_ok,thread working now
2015-12-23 14:04:33 --- get data from redis:,0,,4,1,200
2015-12-23 14:04:33 --- data_ok,thread working now
2015-12-23 14:04:33 --- get data from redis:,0,,4,1,200
2015-12-23 14:04:33 --- data_ok,thread working now
2015-12-23 14:04:33 --- get data from redis:,0,,4,1,200
2015-12-23 14:04:33 --- data_ok,thread working now
2015-12-23 14:04:33 --- get data from redis:,0,,4,1,200
2015-12-23 14:04:33 --- data_ok,thread working now
2015-12-23 14:04:33 --- get data from redis:,0,,4,1,200
2015-12-23 14:04:33 --- data_ok,thread working now
2015-12-23 14:04:33 --- get data from redis:,0,,4,1,200
2015-12-23 14:04:33 --- data_ok,thread working now
2015-12-23 14:04:33 --- get data from redis:,0,,4,1,200
2015-12-23 14:04:33 --- data_ok,thread working now
2015-12-23 14:04:33 --- get data from redis:,0,,4,1,200
2015-12-23 14:04:33 --- data_ok,thread working now
2015-12-23 14:04:33 --- get data from redis:,0,,4,1,200
2015-12-23 14:04:33 --- data_ok,thread working now
2015-12-23 14:04:33 --- get data from redis:,0,,4,1,200
2015-12-23 14:04:33 --- data_ok,thread working now
2015-12-23 14:04:33 --- get data from redis:,0,,4,1,200
2015-12-23 14:04:33 --- data_ok,thread working now
2015-12-23 14:04:33 --- get data from redis:,0,,4,1,200
2015-12-23 14:04:33 --- data_ok,thread working now
2015-12-23 14:04:33 --- get data from redis:,0,,4,1,200
2015-12-23 14:04:33 --- data_ok,thread working now
2015-12-23 14:04:33 --- get data from redis:,0,,4,1,200
2015-12-23 14:04:33 --- data_ok,thread working now
2015-12-23 14:04:33 --- get data from redis:,0,,4,1,200
2015-12-23 14:04:33 --- data_ok,thread working now
2015-12-23 14:04:33 --- get data from redis:,0,,4,1,200
2015-12-23 14:04:33 --- data_ok,thread working now
2015-12-23 14:04:33 --- get data from redis:,0,,4,1,200
2015-12-23 14:04:33 --- data_ok,thread working now
2015-12-23 14:04:33 --- get data from redis:,0,,4,1,200
2015-12-23 14:04:33 --- data_ok,thread working now
2015-12-23 14:04:33 --- get data from redis:,0,,4,1,200
2015-12-23 14:04:33 --- data_ok,thread working now
2015-12-23 14:04:33 --- get data from redis:,0,,4,1,200
2015-12-23 14:04:33 --- data_ok,thread working now
2015-12-23 14:04:33 --- get data from redis:,0,,4,1,200
2015-12-23 14:04:33 --- data_ok,thread working now
2015-12-23 14:04:33 --- get data from redis:,0,,4,1,200
2015-12-23 14:04:33 --- data_ok,thread working now
2015-12-23 14:04:33 --- get data from redis:,0,,4,1,200
2015-12-23 14:04:33 --- data_ok,thread working now
2015-12-23 14:04:33 --- get data from redis:,0,,4,1,200
2015-12-23 14:04:33 --- data_ok,thread working now
2015-12-23 14:04:33 --- get data from redis:,0,,4,1,200
2015-12-23 14:04:33 --- data_ok,thread working now
2015-12-23 14:04:33 --- get data from redis:,0,,4,1,200
2015-12-23 14:04:33 --- data_ok,thread working now
2015-12-23 14:04:33 --- get data from redis:,0,,4,1,200
2015-12-23 14:04:33 --- data_ok,thread working now
2015-12-23 14:04:33 --- get data from redis:,0,,4,1,200
2015-12-23 14:04:33 --- data_ok,thread working now
2015-12-23 14:04:33 --- get data from redis:,0,,4,1,200
2015-12-23 14:04:33 --- data_ok,thread working now
2015-12-23 14:04:33 --- get data from redis:,0,,4,1,200
2015-12-23 14:04:33 --- data_ok,thread working now
2015-12-23 14:04:33 --- get data from redis:,0,,4,1,200
2015-12-23 14:04:33 --- data_ok,thread working now
2015-12-23 14:04:33 --- get data from redis:,0,,4,1,200
2015-12-23 14:04:33 --- data_ok,thread working now
2015-12-23 14:04:33 --- get data from redis:,0,,4,1,200
2015-12-23 14:04:33 --- data_ok,thread working now
2015-12-23 14:04:33 --- get data from redis:,0,,4,1,200
2015-12-23 14:04:33 --- data_ok,thread working now
2015-12-23 14:04:33 --- get data from redis:,0,,4,1,200
2015-12-23 14:04:33 --- data_ok,thread working now
2015-12-23 14:04:33 --- get data from redis:,0,,4,1,200
2015-12-23 14:04:33 --- data_ok,thread working now
2015-12-23 14:04:33 --- get data from redis:,0,,4,1,200
2015-12-23 14:04:33 --- data_ok,thread working now
2015-12-23 14:04:33 --- get data from redis:,0,,4,1,200
2015-12-23 14:04:33 --- data_ok,thread working now
2015-12-23 14:04:33 --- get data from redis:,0,,4,1,200
2015-12-23 14:04:33 --- data_ok,thread working now
2015-12-23 14:04:33 --- get data from redis:,0,,4,1,200
2015-12-23 14:04:33 --- data_ok,thread working now
2015-12-23 14:04:33 --- get data from redis:,0,,4,1,200
2015-12-23 14:04:33 --- data_ok,thread working now
2015-12-23 14:04:33 --- get data from redis:,0,,4,1,200
2015-12-23 14:04:33 --- data_ok,thread working now
2015-12-23 14:04:33 --- get data from redis:,0,,4,1,200
2015-12-23 14:04:33 --- data_ok,thread working now
2015-12-23 14:04:33 --- get data from redis:,0,,4,1,200
2015-12-23 14:04:33 --- data_ok,thread working now
2015-12-23 14:04:33 --- get data from redis:,0,,4,1,200
2015-12-23 14:04:33 --- data_ok,thread working now
2015-12-23 14:04:33 --- get data from redis:,0,,4,1,200
2015-12-23 14:04:33 --- data_ok,thread working now
2015-12-23 14:04:33 --- get data from redis:,0,,4,1,200
2015-12-23 14:04:33 --- data_ok,thread working now
2015-12-23 14:04:33 --- get data from redis:,0,,4,1,200
2015-12-23 14:04:33 --- data_ok,thread working now
2015-12-23 14:04:33 --- get data from redis:,0,,4,1,200
2015-12-23 14:04:33 --- data_ok,thread working now
2015-12-23 14:04:33 --- get data from redis:,0,,4,1,200
2015-12-23 14:04:33 --- data_ok,thread working now
2015-12-23 14:04:33 --- get data from redis:,0,,4,1,200
2015-12-23 14:04:33 --- data_ok,thread working now
2015-12-23 14:04:33 --- get data from redis:,0,,4,1,200
2015-12-23 14:04:33 --- data_ok,thread working now
2015-12-23 14:04:33 --- get data from redis:,0,,4,1,200
2015-12-23 14:04:33 --- data_ok,thread working now
2015-12-23 14:04:33 --- get data from redis:,0,,4,1,200
2015-12-23 14:04:33 --- data_ok,thread working now
2015-12-23 14:04:33 --- get data from redis:,0,,4,1,200
2015-12-23 14:04:33 --- data_ok,thread working now
2015-12-23 14:04:33 --- get data from redis:,0,,4,1,200
2015-12-23 14:04:33 --- data_ok,thread working now
2015-12-23 14:04:33 --- get data from redis:,0,,4,1,200
2015-12-23 14:04:33 --- data_ok,thread working now
2015-12-23 14:04:33 --- get data from redis:,0,,4,1,200
2015-12-23 14:04:33 --- data_ok,thread working now
2015-12-23 14:04:33 --- get data from redis:,0,,4,1,200
2015-12-23 14:04:33 --- data_ok,thread working now
2015-12-23 14:04:33 --- get data from redis:,0,,4,1,200
2015-12-23 14:04:33 --- data_ok,thread working now
2015-12-23 14:04:33 --- get data from redis:,0,,4,1,200
2015-12-23 14:04:33 --- data_ok,thread working now
2015-12-23 14:04:33 --- get data from redis:,0,,4,1,200
2015-12-23 14:04:33 --- data_ok,thread working now
2015-12-23 14:04:33 --- get data from redis:,0,,4,1,200
2015-12-23 14:04:33 --- data_ok,thread working now
2015-12-23 14:04:33 --- get data from redis:,0,,4,1,200
2015-12-23 14:04:33 --- data_ok,thread working now
2015-12-23 14:04:33 --- get data from redis:,0,,4,1,200
2015-12-23 14:04:33 --- data_ok,thread working now
2015-12-23 14:04:33 --- get data from redis:,0,,4,1,200
2015-12-23 14:04:33 --- data_ok,thread working now
2015-12-23 14:04:33 --- get data from redis:,0,,4,1,200
2015-12-23 14:04:33 --- data_ok,thread working now
2015-12-23 14:04:33 --- get data from redis:,0,,4,1,200
2015-12-23 14:04:33 --- data_ok,thread working now
2015-12-23 14:04:33 --- get data from redis:,0,,4,1,200
2015-12-23 14:04:33 --- data_ok,thread working now
2015-12-23 14:04:33 --- get data from redis:,0,,4,1,200
2015-12-23 14:04:33 --- data_ok,thread working now
2015-12-23 14:04:33 --- get data from redis:,0,,4,1,200
2015-12-23 14:04:33 --- data_ok,thread working now
2015-12-23 14:04:33 --- get data from redis:,0,,4,1,200
2015-12-23 14:04:33 --- data_ok,thread working now
2015-12-23 14:04:33 --- get data from redis:,0,,4,1,200
2015-12-23 14:04:33 --- data_ok,thread working now
2015-12-23 14:04:33 --- get data from redis:,0,,4,1,200
2015-12-23 14:04:33 --- data_ok,thread working now
2015-12-23 14:04:33 --- get data from redis:,0,,4,1,200
2015-12-23 14:04:33 --- data_ok,thread working now
2015-12-23 14:04:36 --- sendno:123456,with app_key:9b95c45a110251d9ae35d4f2 push successfully!
2015-12-23 14:04:36 --- data being stored mysql:'',123456,'9b95c45a110251d9ae35d4f2','android',4,'','当前速度:200','您的爱车，超速行驶',-1,1
2015-12-23 14:04:38 --- sendno:123456,with app_key:9b95c45a110251d9ae35d4f2 push successfully!
2015-12-23 14:04:38 --- data being stored mysql:'',123456,'9b95c45a110251d9ae35d4f2','android',4,'','当前速度:200','您的爱车，超速行驶',-1,1
2015-12-23 14:04:39 --- sendno:123456,with app_key:9b95c45a110251d9ae35d4f2 push successfully!
2015-12-23 14:04:39 --- data being stored mysql:'',123456,'9b95c45a110251d9ae35d4f2','android',4,'','当前速度:200','您的爱车，超速行驶',-1,1
